Copyright 1986-2022 Xilinx, Inc. All Rights Reserved. Copyright 2022-2023 Advanced Micro Devices, Inc. All Rights Reserved.
---------------------------------------------------------------------------------------------------------------------------------------------
| Tool Version : Vivado v.2023.1 (win64) Build 3865809 Sun May  7 15:05:29 MDT 2023
| Date         : Sun Jan 14 21:07:41 2024
| Host         : xyw-luv running 64-bit major release  (build 9200)
| Command      : report_clock_utilization -file top_clock_utilization_routed.rpt
| Design       : top
| Device       : 7k160t-ffg676
| Speed File   : -1  PRODUCTION 1.12 2017-02-17
| Design State : Routed
---------------------------------------------------------------------------------------------------------------------------------------------

Clock Utilization Report

Table of Contents
-----------------
1. Clock Primitive Utilization
2. Global Clock Resources
3. Global Clock Source Details
4. Local Clock Details
5. Clock Regions: Key Resource Utilization
6. Clock Regions : Global Clock Summary
7. Device Cell Placement Summary for Global Clock g0
8. Device Cell Placement Summary for Global Clock g1
9. Clock Region Cell Placement per Global Clock: Region X0Y0
10. Clock Region Cell Placement per Global Clock: Region X1Y0
11. Clock Region Cell Placement per Global Clock: Region X0Y1
12. Clock Region Cell Placement per Global Clock: Region X1Y1
13. Clock Region Cell Placement per Global Clock: Region X0Y2
14. Clock Region Cell Placement per Global Clock: Region X1Y2
15. Clock Region Cell Placement per Global Clock: Region X0Y3
16. Clock Region Cell Placement per Global Clock: Region X1Y3

1. Clock Primitive Utilization
------------------------------

+----------+------+-----------+-----+--------------+--------+
| Type     | Used | Available | LOC | Clock Region | Pblock |
+----------+------+-----------+-----+--------------+--------+
| BUFGCTRL |    2 |        32 |   0 |            0 |      0 |
| BUFH     |    0 |       120 |   0 |            0 |      0 |
| BUFIO    |    0 |        32 |   0 |            0 |      0 |
| BUFMR    |    0 |        16 |   0 |            0 |      0 |
| BUFR     |    0 |        32 |   0 |            0 |      0 |
| MMCM     |    0 |         8 |   0 |            0 |      0 |
| PLL      |    0 |         8 |   0 |            0 |      0 |
+----------+------+-----------+-----+--------------+--------+


2. Global Clock Resources
-------------------------

+-----------+-----------+-----------------+------------+---------------+--------------+-------------------+-------------+-----------------+--------------+-------+----------------------+---------------+
| Global Id | Source Id | Driver Type/Pin | Constraint | Site          | Clock Region | Load Clock Region | Clock Loads | Non-Clock Loads | Clock Period | Clock | Driver Pin           | Net           |
+-----------+-----------+-----------------+------------+---------------+--------------+-------------------+-------------+-----------------+--------------+-------+----------------------+---------------+
| g0        | src0      | BUFG/O          | None       | BUFGCTRL_X0Y0 | n/a          |                 3 |         780 |               0 |       10.000 | clk   | clk_IBUF_BUFG_inst/O | clk_IBUF_BUFG |
| g1        | src1      | BUFG/O          | None       | BUFGCTRL_X0Y1 | n/a          |                 8 |         347 |               0 |              |       | clk_vga_BUFG_inst/O  | clk_vga_BUFG  |
+-----------+-----------+-----------------+------------+---------------+--------------+-------------------+-------------+-----------------+--------------+-------+----------------------+---------------+
* Clock Loads column represents cell count of net connects that connect to a clock pin. Internal cell leaf pins are not considered
** Non-Clock Loads column represents cell count of non-clock pin loads


3. Global Clock Source Details
------------------------------

+-----------+-----------+-----------------+------------+---------------+--------------+-------------+-----------------+---------------------+--------------+------------------+------------+
| Source Id | Global Id | Driver Type/Pin | Constraint | Site          | Clock Region | Clock Loads | Non-Clock Loads | Source Clock Period | Source Clock | Driver Pin       | Net        |
+-----------+-----------+-----------------+------------+---------------+--------------+-------------+-----------------+---------------------+--------------+------------------+------------+
| src0      | g0        | IBUF/O          | IOB_X1Y24  | IOB_X1Y24     | X1Y0         |           1 |               0 |              10.000 | clk          | clk_IBUF_inst/O  | clk_IBUF   |
| src1      | g1        | FDRE/Q          | None       | SLICE_X56Y146 | X1Y2         |           1 |               1 |                     |              | m0/clk_vga_reg/Q | m0/clk_vga |
+-----------+-----------+-----------------+------------+---------------+--------------+-------------+-----------------+---------------------+--------------+------------------+------------+
* Clock Loads column represents cell count of net connects that connect to a clock pin. Internal cell leaf pins are not considered
** Non-Clock Loads column represents cell count of non-clock pin loads


4. Local Clock Details
----------------------

+----------+-----------------+------------+------------------+--------------+-------------+-----------------+--------------+-------+-------------------+-------------+
| Local Id | Driver Type/Pin | Constraint | Site/BEL         | Clock Region | Clock Loads | Non-Clock Loads | Clock Period | Clock | Driver Pin        | Net         |
+----------+-----------------+------------+------------------+--------------+-------------+-----------------+--------------+-------+-------------------+-------------+
| 0        | FDRE/Q          | None       | SLICE_X62Y63/AFF | X1Y1         |           8 |               2 |              |       | m2/get_food_reg/Q | m2/get_food |
+----------+-----------------+------------+------------------+--------------+-------------+-----------------+--------------+-------+-------------------+-------------+
* Local Clocks in this context represents only clocks driven by non-global buffers
** Clock Loads column represents cell count of net connects that connect to a clock pin. Internal cell leaf pins are not considered
*** Non-Clock Loads column represents cell count of non-clock pin loads


5. Clock Regions: Key Resource Utilization
------------------------------------------

+-------------------+--------------+--------------+--------------+--------------+--------------+--------------+--------------+--------------+--------------+--------------+--------------+--------------+--------------+--------------+--------------+
|                   | Global Clock |     BUFRs    |    BUFMRs    |    BUFIOs    |     MMCM     |      PLL     |      GT      |      PCI     |    ILOGIC    |    OLOGIC    |      FF      |     LUTM     |    RAMB18    |    RAMB36    |    DSP48E2   |
+-------------------+------+-------+------+-------+------+-------+------+-------+------+-------+------+-------+------+-------+------+-------+------+-------+------+-------+------+-------+------+-------+------+-------+------+-------+------+-------+
| Clock Region Name | Used | Avail | Used | Avail | Used | Avail | Used | Avail | Used | Avail | Used | Avail | Used | Avail | Used | Avail | Used | Avail | Used | Avail | Used | Avail | Used | Avail | Used | Avail | Used | Avail | Used | Avail |
+-------------------+------+-------+------+-------+------+-------+------+-------+------+-------+------+-------+------+-------+------+-------+------+-------+------+-------+------+-------+------+-------+------+-------+------+-------+------+-------+
| X0Y0              |    1 |    12 |    0 |     4 |    0 |     2 |    0 |     4 |    0 |     1 |    0 |     1 |    0 |     0 |    0 |     0 |    0 |    50 |    0 |    50 |    7 |  2800 |    6 |   850 |    0 |    60 |   30 |    30 |    0 |    60 |
| X1Y0              |    1 |    12 |    0 |     4 |    0 |     2 |    0 |     4 |    0 |     1 |    0 |     1 |    0 |     0 |    0 |     0 |    0 |    50 |    0 |    50 |   13 |  2700 |    2 |   950 |    0 |    80 |   40 |    40 |    0 |    60 |
| X0Y1              |    2 |    12 |    0 |     4 |    0 |     2 |    0 |     4 |    0 |     1 |    0 |     1 |    0 |     0 |    0 |     0 |    0 |    50 |    0 |    50 |  668 |  2800 |  154 |   850 |    0 |    60 |   30 |    30 |    1 |    60 |
| X1Y1              |    2 |    12 |    0 |     4 |    0 |     2 |    0 |     4 |    0 |     1 |    0 |     1 |    0 |     0 |    0 |     0 |    0 |    50 |    0 |    50 |  235 |  2700 |   80 |   950 |    0 |    80 |   38 |    40 |    0 |    60 |
| X0Y2              |    1 |    12 |    0 |     4 |    0 |     2 |    0 |     4 |    0 |     1 |    0 |     1 |    0 |     0 |    0 |     0 |    0 |    50 |    0 |    50 |    0 |  2200 |    0 |   850 |    0 |    60 |   29 |    30 |    0 |    60 |
| X1Y2              |    2 |    12 |    0 |     4 |    0 |     2 |    0 |     4 |    0 |     1 |    0 |     1 |    0 |     0 |    0 |     0 |    0 |    50 |    0 |    50 |    3 |  2700 |    0 |   950 |    0 |    80 |   37 |    40 |    0 |    60 |
| X0Y3              |    1 |    12 |    0 |     4 |    0 |     2 |    0 |     4 |    0 |     1 |    0 |     1 |    0 |     0 |    0 |     0 |    0 |    50 |    0 |    50 |    0 |  2200 |    0 |   850 |    0 |    60 |    1 |    30 |    0 |    60 |
| X1Y3              |    1 |    12 |    0 |     0 |    0 |     0 |    0 |     0 |    0 |     0 |    0 |     0 |    0 |     4 |    0 |     1 |    0 |     0 |    0 |     0 |    0 |  2150 |    0 |   800 |    0 |    50 |    1 |    25 |    0 |    60 |
| X0Y4              |    0 |    12 |    0 |     4 |    0 |     2 |    0 |     4 |    0 |     1 |    0 |     1 |    0 |     0 |    0 |     0 |    0 |    50 |    0 |    50 |    0 |  2800 |    0 |   850 |    0 |    60 |    0 |    30 |    0 |    60 |
| X1Y4              |    0 |    12 |    0 |     0 |    0 |     0 |    0 |     0 |    0 |     0 |    0 |     0 |    0 |     4 |    0 |     0 |    0 |     0 |    0 |     0 |    0 |  2300 |    0 |   850 |    0 |    60 |    0 |    30 |    0 |    60 |
+-------------------+------+-------+------+-------+------+-------+------+-------+------+-------+------+-------+------+-------+------+-------+------+-------+------+-------+------+-------+------+-------+------+-------+------+-------+------+-------+
* Global Clock column represents track count; while other columns represents cell counts


6. Clock Regions : Global Clock Summary
---------------------------------------

All Modules
+----+----+----+
|    | X0 | X1 |
+----+----+----+
| Y4 |  0 |  0 |
| Y3 |  0 |  0 |
| Y2 |  0 |  0 |
| Y1 |  0 |  0 |
| Y0 |  0 |  0 |
+----+----+----+


7. Device Cell Placement Summary for Global Clock g0
----------------------------------------------------

+-----------+-----------------+-------------------+-------+-------------+---------------+-------------+----------+----------------+----------+---------------+
| Global Id | Driver Type/Pin | Driver Region (D) | Clock | Period (ns) | Waveform (ns) | Slice Loads | IO Loads | Clocking Loads | GT Loads | Net           |
+-----------+-----------------+-------------------+-------+-------------+---------------+-------------+----------+----------------+----------+---------------+
| g0        | BUFG/O          | n/a               | clk   |      10.000 | {0.000 5.000} |         780 |        0 |              0 |        0 | clk_IBUF_BUFG |
+-----------+-----------------+-------------------+-------+-------------+---------------+-------------+----------+----------------+----------+---------------+
* Slice Loads column represents load cell count of all cell types other than IO, GT and clock resources
** IO Loads column represents load cell count of IO types
*** Clocking Loads column represents load cell count that are clock resources (global clock buffer, MMCM, PLL, etc)
**** GT Loads column represents load cell count of GT types


+----+------+------+-----------------------+
|    | X0   | X1   | HORIZONTAL PROG DELAY |
+----+------+------+-----------------------+
| Y4 |    0 |    0 |                     - |
| Y3 |    0 |    0 |                     - |
| Y2 |    0 |    2 |                     0 |
| Y1 |  599 |  179 |                     0 |
| Y0 |    0 |    0 |                     - |
+----+------+------+-----------------------+


8. Device Cell Placement Summary for Global Clock g1
----------------------------------------------------

+-----------+-----------------+-------------------+-------+-------------+---------------+-------------+----------+----------------+----------+--------------+
| Global Id | Driver Type/Pin | Driver Region (D) | Clock | Period (ns) | Waveform (ns) | Slice Loads | IO Loads | Clocking Loads | GT Loads | Net          |
+-----------+-----------------+-------------------+-------+-------------+---------------+-------------+----------+----------------+----------+--------------+
| g1        | BUFG/O          | n/a               |       |             |               |         347 |        0 |              0 |        0 | clk_vga_BUFG |
+-----------+-----------------+-------------------+-------+-------------+---------------+-------------+----------+----------------+----------+--------------+
* Slice Loads column represents load cell count of all cell types other than IO, GT and clock resources
** IO Loads column represents load cell count of IO types
*** Clocking Loads column represents load cell count that are clock resources (global clock buffer, MMCM, PLL, etc)
**** GT Loads column represents load cell count of GT types


+----+------+-----+-----------------------+
|    | X0   | X1  | HORIZONTAL PROG DELAY |
+----+------+-----+-----------------------+
| Y4 |    0 |   0 |                     - |
| Y3 |    1 |   1 |                     0 |
| Y2 |   29 |  38 |                     0 |
| Y1 |  100 |  96 |                     0 |
| Y0 |   37 |  45 |                     0 |
+----+------+-----+-----------------------+


9. Clock Region Cell Placement per Global Clock: Region X0Y0
------------------------------------------------------------

+-----------+-------+-----------------+------------+-------------+-----------------+----+-------------+------+-----+----+------+-----+---------+--------------+
| Global Id | Track | Driver Type/Pin | Constraint | Clock Loads | Non-Clock Loads | FF | Memory LUTs | RAMB | DSP | GT | MMCM | PLL | Hard IP | Net          |
+-----------+-------+-----------------+------------+-------------+-----------------+----+-------------+------+-----+----+------+-----+---------+--------------+
| g1        | n/a   | BUFG/O          | None       |          37 |               0 |  7 |           0 |   30 |   0 |  0 |    0 |   0 |       0 | clk_vga_BUFG |
+-----------+-------+-----------------+------------+-------------+-----------------+----+-------------+------+-----+----+------+-----+---------+--------------+
* Clock Loads column represents cell count of net connects that connect to a clock pin. Internal cell leaf pins are not considered
** Non-Clock Loads column represents cell count of non-clock pin loads
*** Columns FF, LUTRAM, RAMB through 'Hard IP' represents load cell counts


10. Clock Region Cell Placement per Global Clock: Region X1Y0
-------------------------------------------------------------

+-----------+-------+-----------------+------------+-------------+-----------------+----+-------------+------+-----+----+------+-----+---------+--------------+
| Global Id | Track | Driver Type/Pin | Constraint | Clock Loads | Non-Clock Loads | FF | Memory LUTs | RAMB | DSP | GT | MMCM | PLL | Hard IP | Net          |
+-----------+-------+-----------------+------------+-------------+-----------------+----+-------------+------+-----+----+------+-----+---------+--------------+
| g1        | n/a   | BUFG/O          | None       |          45 |               0 |  5 |           0 |   40 |   0 |  0 |    0 |   0 |       0 | clk_vga_BUFG |
+-----------+-------+-----------------+------------+-------------+-----------------+----+-------------+------+-----+----+------+-----+---------+--------------+
* Clock Loads column represents cell count of net connects that connect to a clock pin. Internal cell leaf pins are not considered
** Non-Clock Loads column represents cell count of non-clock pin loads
*** Columns FF, LUTRAM, RAMB through 'Hard IP' represents load cell counts


11. Clock Region Cell Placement per Global Clock: Region X0Y1
-------------------------------------------------------------

+-----------+-------+-----------------+------------+-------------+-----------------+-----+-------------+------+-----+----+------+-----+---------+---------------+
| Global Id | Track | Driver Type/Pin | Constraint | Clock Loads | Non-Clock Loads | FF  | Memory LUTs | RAMB | DSP | GT | MMCM | PLL | Hard IP | Net           |
+-----------+-------+-----------------+------------+-------------+-----------------+-----+-------------+------+-----+----+------+-----+---------+---------------+
| g0        | n/a   | BUFG/O          | None       |         599 |               0 | 599 |           0 |    0 |   0 |  0 |    0 |   0 |       0 | clk_IBUF_BUFG |
| g1        | n/a   | BUFG/O          | None       |         100 |               0 |  69 |           0 |   30 |   1 |  0 |    0 |   0 |       0 | clk_vga_BUFG  |
+-----------+-------+-----------------+------------+-------------+-----------------+-----+-------------+------+-----+----+------+-----+---------+---------------+
* Clock Loads column represents cell count of net connects that connect to a clock pin. Internal cell leaf pins are not considered
** Non-Clock Loads column represents cell count of non-clock pin loads
*** Columns FF, LUTRAM, RAMB through 'Hard IP' represents load cell counts


12. Clock Region Cell Placement per Global Clock: Region X1Y1
-------------------------------------------------------------

+-----------+-------+-----------------+------------+-------------+-----------------+-----+-------------+------+-----+----+------+-----+---------+---------------+
| Global Id | Track | Driver Type/Pin | Constraint | Clock Loads | Non-Clock Loads | FF  | Memory LUTs | RAMB | DSP | GT | MMCM | PLL | Hard IP | Net           |
+-----------+-------+-----------------+------------+-------------+-----------------+-----+-------------+------+-----+----+------+-----+---------+---------------+
| g0        | n/a   | BUFG/O          | None       |         179 |               0 | 179 |           0 |    0 |   0 |  0 |    0 |   0 |       0 | clk_IBUF_BUFG |
| g1        | n/a   | BUFG/O          | None       |          96 |               0 |  56 |           0 |   38 |   0 |  0 |    0 |   0 |       0 | clk_vga_BUFG  |
+-----------+-------+-----------------+------------+-------------+-----------------+-----+-------------+------+-----+----+------+-----+---------+---------------+
* Clock Loads column represents cell count of net connects that connect to a clock pin. Internal cell leaf pins are not considered
** Non-Clock Loads column represents cell count of non-clock pin loads
*** Columns FF, LUTRAM, RAMB through 'Hard IP' represents load cell counts


13. Clock Region Cell Placement per Global Clock: Region X0Y2
-------------------------------------------------------------

+-----------+-------+-----------------+------------+-------------+-----------------+----+-------------+------+-----+----+------+-----+---------+--------------+
| Global Id | Track | Driver Type/Pin | Constraint | Clock Loads | Non-Clock Loads | FF | Memory LUTs | RAMB | DSP | GT | MMCM | PLL | Hard IP | Net          |
+-----------+-------+-----------------+------------+-------------+-----------------+----+-------------+------+-----+----+------+-----+---------+--------------+
| g1        | n/a   | BUFG/O          | None       |          29 |               0 |  0 |           0 |   29 |   0 |  0 |    0 |   0 |       0 | clk_vga_BUFG |
+-----------+-------+-----------------+------------+-------------+-----------------+----+-------------+------+-----+----+------+-----+---------+--------------+
* Clock Loads column represents cell count of net connects that connect to a clock pin. Internal cell leaf pins are not considered
** Non-Clock Loads column represents cell count of non-clock pin loads
*** Columns FF, LUTRAM, RAMB through 'Hard IP' represents load cell counts


14. Clock Region Cell Placement per Global Clock: Region X1Y2
-------------------------------------------------------------

+-----------+-------+-----------------+------------+-------------+-----------------+----+-------------+------+-----+----+------+-----+---------+---------------+
| Global Id | Track | Driver Type/Pin | Constraint | Clock Loads | Non-Clock Loads | FF | Memory LUTs | RAMB | DSP | GT | MMCM | PLL | Hard IP | Net           |
+-----------+-------+-----------------+------------+-------------+-----------------+----+-------------+------+-----+----+------+-----+---------+---------------+
| g0        | n/a   | BUFG/O          | None       |           2 |               0 |  2 |           0 |    0 |   0 |  0 |    0 |   0 |       0 | clk_IBUF_BUFG |
| g1        | n/a   | BUFG/O          | None       |          38 |               0 |  1 |           0 |   37 |   0 |  0 |    0 |   0 |       0 | clk_vga_BUFG  |
+-----------+-------+-----------------+------------+-------------+-----------------+----+-------------+------+-----+----+------+-----+---------+---------------+
* Clock Loads column represents cell count of net connects that connect to a clock pin. Internal cell leaf pins are not considered
** Non-Clock Loads column represents cell count of non-clock pin loads
*** Columns FF, LUTRAM, RAMB through 'Hard IP' represents load cell counts


15. Clock Region Cell Placement per Global Clock: Region X0Y3
-------------------------------------------------------------

+-----------+-------+-----------------+------------+-------------+-----------------+----+-------------+------+-----+----+------+-----+---------+--------------+
| Global Id | Track | Driver Type/Pin | Constraint | Clock Loads | Non-Clock Loads | FF | Memory LUTs | RAMB | DSP | GT | MMCM | PLL | Hard IP | Net          |
+-----------+-------+-----------------+------------+-------------+-----------------+----+-------------+------+-----+----+------+-----+---------+--------------+
| g1        | n/a   | BUFG/O          | None       |           1 |               0 |  0 |           0 |    1 |   0 |  0 |    0 |   0 |       0 | clk_vga_BUFG |
+-----------+-------+-----------------+------------+-------------+-----------------+----+-------------+------+-----+----+------+-----+---------+--------------+
* Clock Loads column represents cell count of net connects that connect to a clock pin. Internal cell leaf pins are not considered
** Non-Clock Loads column represents cell count of non-clock pin loads
*** Columns FF, LUTRAM, RAMB through 'Hard IP' represents load cell counts


16. Clock Region Cell Placement per Global Clock: Region X1Y3
-------------------------------------------------------------

+-----------+-------+-----------------+------------+-------------+-----------------+----+-------------+------+-----+----+------+-----+---------+--------------+
| Global Id | Track | Driver Type/Pin | Constraint | Clock Loads | Non-Clock Loads | FF | Memory LUTs | RAMB | DSP | GT | MMCM | PLL | Hard IP | Net          |
+-----------+-------+-----------------+------------+-------------+-----------------+----+-------------+------+-----+----+------+-----+---------+--------------+
| g1        | n/a   | BUFG/O          | None       |           1 |               0 |  0 |           0 |    1 |   0 |  0 |    0 |   0 |       0 | clk_vga_BUFG |
+-----------+-------+-----------------+------------+-------------+-----------------+----+-------------+------+-----+----+------+-----+---------+--------------+
* Clock Loads column represents cell count of net connects that connect to a clock pin. Internal cell leaf pins are not considered
** Non-Clock Loads column represents cell count of non-clock pin loads
*** Columns FF, LUTRAM, RAMB through 'Hard IP' represents load cell counts



# Location of BUFG Primitives 
set_property LOC BUFGCTRL_X0Y1 [get_cells clk_vga_BUFG_inst]
set_property LOC BUFGCTRL_X0Y0 [get_cells clk_IBUF_BUFG_inst]

# Location of IO Primitives which is load of clock spine

# Location of clock ports
set_property LOC IOB_X1Y24 [get_ports clk]

# Clock net "clk_vga_BUFG" driven by instance "clk_vga_BUFG_inst" located at site "BUFGCTRL_X0Y1"
#startgroup
create_pblock {CLKAG_clk_vga_BUFG}
add_cells_to_pblock [get_pblocks  {CLKAG_clk_vga_BUFG}] [get_cells -filter { PRIMITIVE_GROUP != I/O && IS_PRIMITIVE==1 && PRIMITIVE_LEVEL !=INTERNAL } -of_object [get_pins -leaf -filter {DIRECTION==IN} -of_objects [get_nets {clk_vga_BUFG}]]]
resize_pblock [get_pblocks {CLKAG_clk_vga_BUFG}] -add {CLOCKREGION_X0Y0:CLOCKREGION_X0Y0 CLOCKREGION_X0Y1:CLOCKREGION_X0Y1 CLOCKREGION_X0Y2:CLOCKREGION_X0Y2 CLOCKREGION_X0Y3:CLOCKREGION_X0Y3 CLOCKREGION_X1Y0:CLOCKREGION_X1Y0 CLOCKREGION_X1Y1:CLOCKREGION_X1Y1 CLOCKREGION_X1Y2:CLOCKREGION_X1Y2 CLOCKREGION_X1Y3:CLOCKREGION_X1Y3}
#endgroup

# Clock net "clk_IBUF_BUFG" driven by instance "clk_IBUF_BUFG_inst" located at site "BUFGCTRL_X0Y0"
#startgroup
create_pblock {CLKAG_clk_IBUF_BUFG}
add_cells_to_pblock [get_pblocks  {CLKAG_clk_IBUF_BUFG}] [get_cells -filter { PRIMITIVE_GROUP != I/O && IS_PRIMITIVE==1 && PRIMITIVE_LEVEL !=INTERNAL } -of_object [get_pins -leaf -filter {DIRECTION==IN} -of_objects [get_nets {clk_IBUF_BUFG}]]]
resize_pblock [get_pblocks {CLKAG_clk_IBUF_BUFG}] -add {CLOCKREGION_X0Y1:CLOCKREGION_X0Y1 CLOCKREGION_X1Y1:CLOCKREGION_X1Y1 CLOCKREGION_X1Y2:CLOCKREGION_X1Y2}
#endgroup
